<component name="libraryTable">
  <library name="junit-platform-engine-1.10.1">
    <CLASSES>
      <root url="jar://$PROJECT_DIR$/lib/junit-platform-engine-1.10.0.jar!/" />
    </CLASSES>
    <JAVADOC />
    <SOURCES />
  </library>
</component>